This file contains any messages produced by compilers while
running configure, to aid debugging if configure makes a mistake.

It was created by fractall configure 0.1, which was
generated by GNU Autoconf 2.69.  Invocation command line was

  $ ./configure 

## --------- ##
## Platform. ##
## --------- ##

hostname = gistarcadePC
uname -m = x86_64
uname -r = 6.14.0-37-generic
uname -s = Linux
uname -v = #37~24.04.1-Ubuntu SMP PREEMPT_DYNAMIC Thu Nov 20 10:25:38 UTC 2

/usr/bin/uname -p = x86_64
/bin/uname -X     = unknown

/bin/arch              = x86_64
/usr/bin/arch -k       = unknown
/usr/convex/getsysinfo = unknown
/usr/bin/hostinfo      = unknown
/bin/machine           = unknown
/usr/bin/oslevel       = unknown
/bin/universe          = unknown

PATH: /home/gistarcade/.local/bin
PATH: /home/gistarcade/.local/bin
PATH: /home/gistarcade/.local/bin
PATH: /tmp/.mount_CursorzVeB7G/usr/bin/
PATH: /tmp/.mount_CursorzVeB7G/usr/sbin/
PATH: /tmp/.mount_CursorzVeB7G/usr/games/
PATH: /tmp/.mount_CursorzVeB7G/bin/
PATH: /tmp/.mount_CursorzVeB7G/sbin/
PATH: /home/gistarcade/.local/bin
PATH: /usr/local/sbin
PATH: /usr/local/bin
PATH: /usr/sbin
PATH: /usr/bin
PATH: /sbin
PATH: /bin
PATH: /usr/games
PATH: /usr/local/games
PATH: /snap/bin
PATH: /snap/bin


## ----------- ##
## Core tests. ##
## ----------- ##

configure:2184: checking for a BSD-compatible install
configure:2252: result: /usr/bin/install -c
configure:2263: checking whether build environment is sane
configure:2318: result: yes
configure:2469: checking for a thread-safe mkdir -p
configure:2508: result: /usr/bin/mkdir -p
configure:2515: checking for gawk
configure:2531: found /usr/bin/gawk
configure:2542: result: gawk
configure:2553: checking whether make sets $(MAKE)
configure:2575: result: yes
configure:2604: checking whether make supports nested variables
configure:2621: result: yes
configure:2758: checking whether make supports nested variables
configure:2775: result: yes
configure:2835: checking for gcc
configure:2851: found /usr/bin/gcc
configure:2862: result: gcc
configure:3091: checking for C compiler version
configure:3100: gcc --version >&5
gcc (Ubuntu 13.3.0-6ubuntu2~24.04) 13.3.0
Copyright (C) 2023 Free Software Foundation, Inc.
This is free software; see the source for copying conditions.  There is NO
warranty; not even for MERCHANTABILITY or FITNESS FOR A PARTICULAR PURPOSE.

configure:3111: $? = 0
configure:3100: gcc -v >&5
Using built-in specs.
COLLECT_GCC=gcc
COLLECT_LTO_WRAPPER=/usr/libexec/gcc/x86_64-linux-gnu/13/lto-wrapper
OFFLOAD_TARGET_NAMES=nvptx-none:amdgcn-amdhsa
OFFLOAD_TARGET_DEFAULT=1
Target: x86_64-linux-gnu
Configured with: ../src/configure -v --with-pkgversion='Ubuntu 13.3.0-6ubuntu2~24.04' --with-bugurl=file:///usr/share/doc/gcc-13/README.Bugs --enable-languages=c,ada,c++,go,d,fortran,objc,obj-c++,m2 --prefix=/usr --with-gcc-major-version-only --program-suffix=-13 --program-prefix=x86_64-linux-gnu- --enable-shared --enable-linker-build-id --libexecdir=/usr/libexec --without-included-gettext --enable-threads=posix --libdir=/usr/lib --enable-nls --enable-bootstrap --enable-clocale=gnu --enable-libstdcxx-debug --enable-libstdcxx-time=yes --with-default-libstdcxx-abi=new --enable-libstdcxx-backtrace --enable-gnu-unique-object --disable-vtable-verify --enable-plugin --enable-default-pie --with-system-zlib --enable-libphobos-checking=release --with-target-system-zlib=auto --enable-objc-gc=auto --enable-multiarch --disable-werror --enable-cet --with-arch-32=i686 --with-abi=m64 --with-multilib-list=m32,m64,mx32 --enable-multilib --with-tune=generic --enable-offload-targets=nvptx-none=/build/gcc-13-fG75Ri/gcc-13-13.3.0/debian/tmp-nvptx/usr,amdgcn-amdhsa=/build/gcc-13-fG75Ri/gcc-13-13.3.0/debian/tmp-gcn/usr --enable-offload-defaulted --without-cuda-driver --enable-checking=release --build=x86_64-linux-gnu --host=x86_64-linux-gnu --target=x86_64-linux-gnu --with-build-config=bootstrap-lto-lean --enable-link-serialization=2
Thread model: posix
Supported LTO compression algorithms: zlib zstd
gcc version 13.3.0 (Ubuntu 13.3.0-6ubuntu2~24.04) 
... rest of stderr output deleted ...
configure:3111: $? = 0
configure:3100: gcc -V >&5
gcc: error: unrecognized command-line option '-V'
gcc: fatal error: no input files
compilation terminated.
configure:3111: $? = 1
configure:3100: gcc -qversion >&5
gcc: error: unrecognized command-line option '-qversion'; did you mean '--version'?
gcc: fatal error: no input files
compilation terminated.
configure:3111: $? = 1
configure:3131: checking whether the C compiler works
configure:3153: gcc    conftest.c  >&5
configure:3157: $? = 0
configure:3205: result: yes
configure:3208: checking for C compiler default output file name
configure:3210: result: a.out
configure:3216: checking for suffix of executables
configure:3223: gcc -o conftest    conftest.c  >&5
configure:3227: $? = 0
configure:3249: result: 
configure:3271: checking whether we are cross compiling
configure:3279: gcc -o conftest    conftest.c  >&5
configure:3283: $? = 0
configure:3290: ./conftest
configure:3294: $? = 0
configure:3309: result: no
configure:3314: checking for suffix of object files
configure:3336: gcc -c   conftest.c >&5
configure:3340: $? = 0
configure:3361: result: o
configure:3365: checking whether we are using the GNU C compiler
configure:3384: gcc -c   conftest.c >&5
configure:3384: $? = 0
configure:3393: result: yes
configure:3402: checking whether gcc accepts -g
configure:3422: gcc -c -g  conftest.c >&5
configure:3422: $? = 0
configure:3463: result: yes
configure:3480: checking for gcc option to accept ISO C89
configure:3543: gcc  -c -g -O2  conftest.c >&5
configure:3543: $? = 0
configure:3556: result: none needed
configure:3581: checking whether gcc understands -c and -o together
configure:3603: gcc -c conftest.c -o conftest2.o
configure:3606: $? = 0
configure:3603: gcc -c conftest.c -o conftest2.o
configure:3606: $? = 0
configure:3618: result: yes
configure:3646: checking for style of include used by make
configure:3674: result: GNU
configure:3700: checking dependency style of gcc
configure:3811: result: gcc3
configure:3832: checking how to run the C preprocessor
configure:3863: gcc -E  conftest.c
configure:3863: $? = 0
configure:3877: gcc -E  conftest.c
conftest.c:11:10: fatal error: ac_nonexistent.h: No such file or directory
   11 | #include <ac_nonexistent.h>
      |          ^~~~~~~~~~~~~~~~~~
compilation terminated.
configure:3877: $? = 1
configure: failed program was:
| /* confdefs.h */
| #define PACKAGE_NAME "fractall"
| #define PACKAGE_TARNAME "fractall"
| #define PACKAGE_VERSION "0.1"
| #define PACKAGE_STRING "fractall 0.1"
| #define PACKAGE_BUGREPORT ""
| #define PACKAGE_URL ""
| #define PACKAGE "fractall"
| #define VERSION "0.1"
| /* end confdefs.h.  */
| #include <ac_nonexistent.h>
configure:3902: result: gcc -E
configure:3922: gcc -E  conftest.c
configure:3922: $? = 0
configure:3936: gcc -E  conftest.c
conftest.c:11:10: fatal error: ac_nonexistent.h: No such file or directory
   11 | #include <ac_nonexistent.h>
      |          ^~~~~~~~~~~~~~~~~~
compilation terminated.
configure:3936: $? = 1
configure: failed program was:
| /* confdefs.h */
| #define PACKAGE_NAME "fractall"
| #define PACKAGE_TARNAME "fractall"
| #define PACKAGE_VERSION "0.1"
| #define PACKAGE_STRING "fractall 0.1"
| #define PACKAGE_BUGREPORT ""
| #define PACKAGE_URL ""
| #define PACKAGE "fractall"
| #define VERSION "0.1"
| /* end confdefs.h.  */
| #include <ac_nonexistent.h>
configure:3965: checking for X
configure:4073: gcc -E  conftest.c
configure:4073: $? = 0
configure:4104: gcc -o conftest -g -O2   conftest.c -lX11  >&5
configure:4104: $? = 0
configure:4154: result: libraries , headers 
configure:4253: gcc -o conftest -g -O2   conftest.c   -lX11 >&5
configure:4253: $? = 0
configure:4351: checking for gethostbyname
configure:4351: gcc -o conftest -g -O2   conftest.c  >&5
configure:4351: $? = 0
configure:4351: result: yes
configure:4448: checking for connect
configure:4448: gcc -o conftest -g -O2   conftest.c  >&5
configure:4448: $? = 0
configure:4448: result: yes
configure:4497: checking for remove
configure:4497: gcc -o conftest -g -O2   conftest.c  >&5
configure:4497: $? = 0
configure:4497: result: yes
configure:4546: checking for shmat
configure:4546: gcc -o conftest -g -O2   conftest.c  >&5
configure:4546: $? = 0
configure:4546: result: yes
configure:4604: checking for IceConnectionNumber in -lICE
configure:4629: gcc -o conftest -g -O2   conftest.c -lICE   >&5
configure:4629: $? = 0
configure:4638: result: yes
configure:4682: checking build system type
configure:4696: result: x86_64-unknown-linux-gnu
configure:4716: checking host system type
configure:4729: result: x86_64-unknown-linux-gnu
configure:4770: checking how to print strings
configure:4797: result: printf
configure:4818: checking for a sed that does not truncate output
configure:4882: result: /usr/bin/sed
configure:4900: checking for grep that handles long lines and -e
configure:4958: result: /usr/bin/grep
configure:4963: checking for egrep
configure:5025: result: /usr/bin/grep -E
configure:5030: checking for fgrep
configure:5092: result: /usr/bin/grep -F
configure:5127: checking for ld used by gcc
configure:5194: result: /usr/bin/ld
configure:5201: checking if the linker (/usr/bin/ld) is GNU ld
configure:5216: result: yes
configure:5228: checking for BSD- or MS-compatible name lister (nm)
configure:5277: result: /usr/bin/nm -B
configure:5407: checking the name lister (/usr/bin/nm -B) interface
configure:5414: gcc -c -g -O2  conftest.c >&5
configure:5417: /usr/bin/nm -B "conftest.o"
configure:5420: output
0000000000000000 B some_variable
configure:5427: result: BSD nm
configure:5430: checking whether ln -s works
configure:5434: result: yes
configure:5442: checking the maximum length of command line arguments
configure:5573: result: 1572864
configure:5590: checking whether the shell understands some XSI constructs
configure:5600: result: yes
configure:5604: checking whether the shell understands "+="
configure:5610: result: yes
configure:5645: checking how to convert x86_64-unknown-linux-gnu file names to x86_64-unknown-linux-gnu format
configure:5685: result: func_convert_file_noop
configure:5692: checking how to convert x86_64-unknown-linux-gnu file names to toolchain format
configure:5712: result: func_convert_file_noop
configure:5719: checking for /usr/bin/ld option to reload object files
configure:5726: result: -r
configure:5800: checking for objdump
configure:5816: found /usr/bin/objdump
configure:5827: result: objdump
configure:5859: checking how to recognize dependent libraries
configure:6057: result: pass_all
configure:6142: checking for dlltool
configure:6172: result: no
configure:6202: checking how to associate runtime and link libraries
configure:6229: result: printf %s\n
configure:6289: checking for ar
configure:6305: found /usr/bin/ar
configure:6316: result: ar
configure:6353: checking for archiver @FILE support
configure:6370: gcc -c -g -O2  conftest.c >&5
configure:6370: $? = 0
configure:6373: ar cru libconftest.a @conftest.lst >&5
ar: `u' modifier ignored since `D' is the default (see `U')
configure:6376: $? = 0
configure:6381: ar cru libconftest.a @conftest.lst >&5
ar: `u' modifier ignored since `D' is the default (see `U')
ar: conftest.o: No such file or directory
configure:6384: $? = 1
configure:6396: result: @
configure:6454: checking for strip
configure:6470: found /usr/bin/strip
configure:6481: result: strip
configure:6553: checking for ranlib
configure:6569: found /usr/bin/ranlib
configure:6580: result: ranlib
configure:6682: checking command to parse /usr/bin/nm -B output from gcc object
configure:6802: gcc -c -g -O2  conftest.c >&5
configure:6805: $? = 0
configure:6809: /usr/bin/nm -B conftest.o \| sed -n -e 's/^.*[ ]\([ABCDGIRSTW][ABCDGIRSTW]*\)[ ][ ]*\([_A-Za-z][_A-Za-z0-9]*\)$/\1 \2 \2/p' | sed '/ __gnu_lto/d' \> conftest.nm
configure:6812: $? = 0
configure:6878: gcc -o conftest -g -O2   conftest.c conftstm.o >&5
configure:6881: $? = 0
configure:6919: result: ok
configure:6956: checking for sysroot
configure:6986: result: no
configure:7063: gcc -c -g -O2  conftest.c >&5
configure:7066: $? = 0
configure:7255: checking for mt
configure:7271: found /usr/bin/mt
configure:7282: result: mt
configure:7305: checking if mt is a manifest tool
configure:7311: mt '-?'
configure:7319: result: no
configure:7956: checking for ANSI C header files
configure:7976: gcc -c -g -O2  conftest.c >&5
configure:7976: $? = 0
configure:8049: gcc -o conftest -g -O2   conftest.c  >&5
configure:8049: $? = 0
configure:8049: ./conftest
configure:8049: $? = 0
configure:8060: result: yes
configure:8073: checking for sys/types.h
configure:8073: gcc -c -g -O2  conftest.c >&5
configure:8073: $? = 0
configure:8073: result: yes
configure:8073: checking for sys/stat.h
configure:8073: gcc -c -g -O2  conftest.c >&5
configure:8073: $? = 0
configure:8073: result: yes
configure:8073: checking for stdlib.h
configure:8073: gcc -c -g -O2  conftest.c >&5
configure:8073: $? = 0
configure:8073: result: yes
configure:8073: checking for string.h
configure:8073: gcc -c -g -O2  conftest.c >&5
configure:8073: $? = 0
configure:8073: result: yes
configure:8073: checking for memory.h
configure:8073: gcc -c -g -O2  conftest.c >&5
configure:8073: $? = 0
configure:8073: result: yes
configure:8073: checking for strings.h
configure:8073: gcc -c -g -O2  conftest.c >&5
configure:8073: $? = 0
configure:8073: result: yes
configure:8073: checking for inttypes.h
configure:8073: gcc -c -g -O2  conftest.c >&5
configure:8073: $? = 0
configure:8073: result: yes
configure:8073: checking for stdint.h
configure:8073: gcc -c -g -O2  conftest.c >&5
configure:8073: $? = 0
configure:8073: result: yes
configure:8073: checking for unistd.h
configure:8073: gcc -c -g -O2  conftest.c >&5
configure:8073: $? = 0
configure:8073: result: yes
configure:8087: checking for dlfcn.h
configure:8087: gcc -c -g -O2  conftest.c >&5
configure:8087: $? = 0
configure:8087: result: yes
configure:8293: checking for objdir
configure:8308: result: .libs
configure:8575: checking if gcc supports -fno-rtti -fno-exceptions
configure:8593: gcc -c -g -O2  -fno-rtti -fno-exceptions conftest.c >&5
cc1: warning: command-line option '-fno-rtti' is valid for C++/D/ObjC++ but not for C
configure:8597: $? = 0
configure:8610: result: no
configure:8937: checking for gcc option to produce PIC
configure:8944: result: -fPIC -DPIC
configure:8952: checking if gcc PIC flag -fPIC -DPIC works
configure:8970: gcc -c -g -O2  -fPIC -DPIC -DPIC conftest.c >&5
configure:8974: $? = 0
configure:8987: result: yes
configure:9016: checking if gcc static flag -static works
configure:9044: result: yes
configure:9059: checking if gcc supports -c -o file.o
configure:9080: gcc -c -g -O2  -o out/conftest2.o conftest.c >&5
configure:9084: $? = 0
configure:9106: result: yes
configure:9114: checking if gcc supports -c -o file.o
configure:9161: result: yes
configure:9194: checking whether the gcc linker (/usr/bin/ld -m elf_x86_64) supports shared libraries
configure:10351: result: yes
configure:10388: checking whether -lc should be explicitly linked in
configure:10396: gcc -c -g -O2  conftest.c >&5
configure:10399: $? = 0
configure:10414: gcc -shared  -fPIC -DPIC conftest.o  -v -Wl,-soname -Wl,conftest -o conftest 2\>\&1 \| /usr/bin/grep  -lc  \>/dev/null 2\>\&1
configure:10417: $? = 0
configure:10431: result: no
configure:10591: checking dynamic linker characteristics
configure:11091: gcc -o conftest -g -O2   -Wl,-rpath -Wl,/foo conftest.c  >&5
configure:11091: $? = 0
configure:11325: result: GNU/Linux ld.so
configure:11432: checking how to hardcode library paths into programs
configure:11457: result: immediate
configure:11997: checking whether stripping libraries is possible
configure:12002: result: yes
configure:12037: checking if libtool supports shared libraries
configure:12039: result: yes
configure:12042: checking whether to build shared libraries
configure:12063: result: yes
configure:12066: checking whether to build static libraries
configure:12070: result: yes
configure:12149: checking for sdl-config
configure:12167: found /usr/bin/sdl-config
configure:12180: result: /usr/bin/sdl-config
configure:12189: checking for SDL - version >= 1.2.0
configure:12274: gcc -o conftest -g -O2 -I/usr/include/SDL -D_GNU_SOURCE=1 -D_REENTRANT   conftest.c  -lSDL >&5
configure:12274: $? = 0
configure:12274: ./conftest
configure:12274: $? = 0
configure:12288: result: yes
configure:12473: checking that generated files are newer than configure
configure:12479: result: done
configure:12502: creating ./config.status

## ---------------------- ##
## Running config.status. ##
## ---------------------- ##

This file was extended by fractall config.status 0.1, which was
generated by GNU Autoconf 2.69.  Invocation command line was

  CONFIG_FILES    = 
  CONFIG_HEADERS  = 
  CONFIG_LINKS    = 
  CONFIG_COMMANDS = 
  $ ./config.status 

on gistarcadePC

config.status:1089: creating Makefile
config.status:1089: creating src/Makefile
config.status:1089: creating config.h
config.status:1270: config.h is unchanged
config.status:1318: executing depfiles commands
config.status:1318: executing libtool commands

## ---------------- ##
## Cache variables. ##
## ---------------- ##

ac_cv_build=x86_64-unknown-linux-gnu
ac_cv_c_compiler_gnu=yes
ac_cv_env_CC_set=
ac_cv_env_CC_value=
ac_cv_env_CFLAGS_set=
ac_cv_env_CFLAGS_value=
ac_cv_env_CPPFLAGS_set=
ac_cv_env_CPPFLAGS_value=
ac_cv_env_CPP_set=
ac_cv_env_CPP_value=
ac_cv_env_LDFLAGS_set=
ac_cv_env_LDFLAGS_value=
ac_cv_env_LIBS_set=
ac_cv_env_LIBS_value=
ac_cv_env_XMKMF_set=
ac_cv_env_XMKMF_value=
ac_cv_env_build_alias_set=
ac_cv_env_build_alias_value=
ac_cv_env_host_alias_set=
ac_cv_env_host_alias_value=
ac_cv_env_target_alias_set=
ac_cv_env_target_alias_value=
ac_cv_func_connect=yes
ac_cv_func_gethostbyname=yes
ac_cv_func_remove=yes
ac_cv_func_shmat=yes
ac_cv_have_x='have_x=yes	ac_x_includes='\'''\''	ac_x_libraries='\'''\'''
ac_cv_header_dlfcn_h=yes
ac_cv_header_inttypes_h=yes
ac_cv_header_memory_h=yes
ac_cv_header_stdc=yes
ac_cv_header_stdint_h=yes
ac_cv_header_stdlib_h=yes
ac_cv_header_string_h=yes
ac_cv_header_strings_h=yes
ac_cv_header_sys_stat_h=yes
ac_cv_header_sys_types_h=yes
ac_cv_header_unistd_h=yes
ac_cv_host=x86_64-unknown-linux-gnu
ac_cv_lib_ICE_IceConnectionNumber=yes
ac_cv_objext=o
ac_cv_path_EGREP='/usr/bin/grep -E'
ac_cv_path_FGREP='/usr/bin/grep -F'
ac_cv_path_GREP=/usr/bin/grep
ac_cv_path_SDL_CONFIG=/usr/bin/sdl-config
ac_cv_path_SED=/usr/bin/sed
ac_cv_path_install='/usr/bin/install -c'
ac_cv_path_mkdir=/usr/bin/mkdir
ac_cv_prog_AWK=gawk
ac_cv_prog_CPP='gcc -E'
ac_cv_prog_ac_ct_AR=ar
ac_cv_prog_ac_ct_CC=gcc
ac_cv_prog_ac_ct_MANIFEST_TOOL=mt
ac_cv_prog_ac_ct_OBJDUMP=objdump
ac_cv_prog_ac_ct_RANLIB=ranlib
ac_cv_prog_ac_ct_STRIP=strip
ac_cv_prog_cc_c89=
ac_cv_prog_cc_g=yes
ac_cv_prog_make_make_set=yes
am_cv_CC_dependencies_compiler_type=gcc3
am_cv_make_support_nested_variables=yes
am_cv_prog_cc_c_o=yes
lt_cv_ar_at_file=@
lt_cv_archive_cmds_need_lc=no
lt_cv_deplibs_check_method=pass_all
lt_cv_file_magic_cmd='$MAGIC_CMD'
lt_cv_file_magic_test_file=
lt_cv_ld_reload_flag=-r
lt_cv_nm_interface='BSD nm'
lt_cv_objdir=.libs
lt_cv_path_LD=/usr/bin/ld
lt_cv_path_NM='/usr/bin/nm -B'
lt_cv_path_mainfest_tool=no
lt_cv_prog_compiler_c_o=yes
lt_cv_prog_compiler_pic='-fPIC -DPIC'
lt_cv_prog_compiler_pic_works=yes
lt_cv_prog_compiler_rtti_exceptions=no
lt_cv_prog_compiler_static_works=yes
lt_cv_prog_gnu_ld=yes
lt_cv_sharedlib_from_linklib_cmd='printf %s\n'
lt_cv_shlibpath_overrides_runpath=yes
lt_cv_sys_global_symbol_pipe='sed -n -e '\''s/^.*[	 ]\([ABCDGIRSTW][ABCDGIRSTW]*\)[	 ][	 ]*\([_A-Za-z][_A-Za-z0-9]*\)$/\1 \2 \2/p'\'' | sed '\''/ __gnu_lto/d'\'''
lt_cv_sys_global_symbol_to_c_name_address='sed -n -e '\''s/^: \([^ ]*\)[ ]*$/  {\"\1\", (void *) 0},/p'\'' -e '\''s/^[ABCDGIRSTW]* \([^ ]*\) \([^ ]*\)$/  {"\2", (void *) \&\2},/p'\'''
lt_cv_sys_global_symbol_to_c_name_address_lib_prefix='sed -n -e '\''s/^: \([^ ]*\)[ ]*$/  {\"\1\", (void *) 0},/p'\'' -e '\''s/^[ABCDGIRSTW]* \([^ ]*\) \(lib[^ ]*\)$/  {"\2", (void *) \&\2},/p'\'' -e '\''s/^[ABCDGIRSTW]* \([^ ]*\) \([^ ]*\)$/  {"lib\2", (void *) \&\2},/p'\'''
lt_cv_sys_global_symbol_to_cdecl='sed -n -e '\''s/^T .* \(.*\)$/extern int \1();/p'\'' -e '\''s/^[ABCDGIRSTW]* .* \(.*\)$/extern char \1;/p'\'''
lt_cv_sys_max_cmd_len=1572864
lt_cv_to_host_file_cmd=func_convert_file_noop
lt_cv_to_tool_file_cmd=func_convert_file_noop

## ----------------- ##
## Output variables. ##
## ----------------- ##

ACLOCAL='${SHELL} /home/gistarcade/src/fractall-0.7/fractall/missing aclocal-1.14'
AMDEPBACKSLASH='\'
AMDEP_FALSE='#'
AMDEP_TRUE=''
AMTAR='$${TAR-tar}'
AM_BACKSLASH='\'
AM_DEFAULT_V='$(AM_DEFAULT_VERBOSITY)'
AM_DEFAULT_VERBOSITY='0'
AM_V='$(V)'
AR='ar'
AUTOCONF='${SHELL} /home/gistarcade/src/fractall-0.7/fractall/missing autoconf'
AUTOHEADER='${SHELL} /home/gistarcade/src/fractall-0.7/fractall/missing autoheader'
AUTOMAKE='${SHELL} /home/gistarcade/src/fractall-0.7/fractall/missing automake-1.14'
AWK='gawk'
CC='gcc'
CCDEPMODE='depmode=gcc3'
CFLAGS='-g -O2 -I/usr/include/SDL -D_GNU_SOURCE=1 -D_REENTRANT'
CPP='gcc -E'
CPPFLAGS=' -I/usr/include/SDL -D_GNU_SOURCE=1 -D_REENTRANT'
CYGPATH_W='echo'
DEFS='-DHAVE_CONFIG_H'
DEPDIR='.deps'
DLLTOOL='false'
DSYMUTIL=''
DUMPBIN=''
ECHO_C=''
ECHO_N='-n'
ECHO_T=''
EGREP='/usr/bin/grep -E'
EXEEXT=''
FGREP='/usr/bin/grep -F'
GREP='/usr/bin/grep'
INSTALL_DATA='${INSTALL} -m 644'
INSTALL_PROGRAM='${INSTALL}'
INSTALL_SCRIPT='${INSTALL}'
INSTALL_STRIP_PROGRAM='$(install_sh) -c -s'
LD='/usr/bin/ld -m elf_x86_64'
LDFLAGS=''
LIBOBJS=''
LIBS=' -lSDL'
LIBTOOL='$(SHELL) $(top_builddir)/libtool'
LIPO=''
LN_S='ln -s'
LTLIBOBJS=''
MAKEINFO='${SHELL} /home/gistarcade/src/fractall-0.7/fractall/missing makeinfo'
MANIFEST_TOOL=':'
MKDIR_P='/usr/bin/mkdir -p'
NM='/usr/bin/nm -B'
NMEDIT=''
OBJDUMP='objdump'
OBJEXT='o'
OTOOL64=''
OTOOL=''
PACKAGE='fractall'
PACKAGE_BUGREPORT=''
PACKAGE_NAME='fractall'
PACKAGE_STRING='fractall 0.1'
PACKAGE_TARNAME='fractall'
PACKAGE_URL=''
PACKAGE_VERSION='0.1'
PATH_SEPARATOR=':'
RANLIB='ranlib'
SDL_CFLAGS='-I/usr/include/SDL -D_GNU_SOURCE=1 -D_REENTRANT'
SDL_CONFIG='/usr/bin/sdl-config'
SDL_LIBS='-lSDL'
SED='/usr/bin/sed'
SET_MAKE=''
SHELL='/bin/bash'
STRIP='strip'
VERSION='0.1'
XMKMF=''
X_CFLAGS=''
X_EXTRA_LIBS=''
X_LIBS=''
X_PRE_LIBS=' -lSM -lICE'
ac_ct_AR='ar'
ac_ct_CC='gcc'
ac_ct_DUMPBIN=''
am__EXEEXT_FALSE=''
am__EXEEXT_TRUE='#'
am__fastdepCC_FALSE='#'
am__fastdepCC_TRUE=''
am__include='include'
am__isrc=''
am__leading_dot='.'
am__nodep='_no'
am__quote=''
am__tar='$${TAR-tar} chof - "$$tardir"'
am__untar='$${TAR-tar} xf -'
bindir='${exec_prefix}/bin'
build='x86_64-unknown-linux-gnu'
build_alias=''
build_cpu='x86_64'
build_os='linux-gnu'
build_vendor='unknown'
datadir='${datarootdir}'
datarootdir='${prefix}/share'
docdir='${datarootdir}/doc/${PACKAGE_TARNAME}'
dvidir='${docdir}'
exec_prefix='${prefix}'
host='x86_64-unknown-linux-gnu'
host_alias=''
host_cpu='x86_64'
host_os='linux-gnu'
host_vendor='unknown'
htmldir='${docdir}'
includedir='${prefix}/include'
infodir='${datarootdir}/info'
install_sh='${SHELL} /home/gistarcade/src/fractall-0.7/fractall/install-sh'
libdir='${exec_prefix}/lib'
libexecdir='${exec_prefix}/libexec'
localedir='${datarootdir}/locale'
localstatedir='${prefix}/var'
mandir='${datarootdir}/man'
mkdir_p='$(MKDIR_P)'
oldincludedir='/usr/include'
pdfdir='${docdir}'
prefix='/usr/local'
program_transform_name='s,x,x,'
psdir='${docdir}'
sbindir='${exec_prefix}/sbin'
sharedstatedir='${prefix}/com'
sysconfdir='${prefix}/etc'
target_alias=''

## ----------- ##
## confdefs.h. ##
## ----------- ##

/* confdefs.h */
#define PACKAGE_NAME "fractall"
#define PACKAGE_TARNAME "fractall"
#define PACKAGE_VERSION "0.1"
#define PACKAGE_STRING "fractall 0.1"
#define PACKAGE_BUGREPORT ""
#define PACKAGE_URL ""
#define PACKAGE "fractall"
#define VERSION "0.1"
#define STDC_HEADERS 1
#define HAVE_SYS_TYPES_H 1
#define HAVE_SYS_STAT_H 1
#define HAVE_STDLIB_H 1
#define HAVE_STRING_H 1
#define HAVE_MEMORY_H 1
#define HAVE_STRINGS_H 1
#define HAVE_INTTYPES_H 1
#define HAVE_STDINT_H 1
#define HAVE_UNISTD_H 1
#define HAVE_DLFCN_H 1
#define LT_OBJDIR ".libs/"

configure: exit 0
